C:\Users\suraj\.jdks\corretto-17.0.5\bin\java.exe -XX:TieredStopAtLevel=1 -Dspring.output.ansi.enabled=always -Dcom.sun.management.jmxremote -Dspring.jmx.enabled=true -Dspring.liveBeansView.mbeanDomain -Dspring.application.admin.enabled=true "-Dmanagement.endpoints.jmx.exposure.include=*" "-javaagent:C:\Program Files\JetBrains\IntelliJ IDEA 2022.3.1\lib\idea_rt.jar=53504:C:\Program Files\JetBrains\IntelliJ IDEA 2022.3.1\bin" -Dfile.encoding=UTF-8 -classpath D:\java-projects\demos\aws-projects\ocean-sns\build\classes\java\main;D:\java-projects\demos\aws-projects\ocean-sns\build\resources\main;D:\gradle-home\caches\modules-2\files-2.1\org.projectlombok\lombok\1.18.24\13a394eed5c4f9efb2a6d956e2086f1d81e857d9\lombok-1.18.24.jar;D:\gradle-home\caches\modules-2\files-2.1\io.awspring.cloud\spring-cloud-aws-sqs\3.0.0-RC1\60f5686a2bfdbb63f88f505f6e7f8ca8b3182289\spring-cloud-aws-sqs-3.0.0-RC1.jar;D:\gradle-home\caches\modules-2\files-2.1\io.awspring.cloud\spring-cloud-aws-autoconfigure\3.0.0-RC1\86c17ed3d79c6404aebffe520b3539d47410eb6f\spring-cloud-aws-autoconfigure-3.0.0-RC1.jar;D:\gradle-home\caches\modules-2\files-2.1\org.springframework.boot\spring-boot-starter-web\2.7.8\7596f0263544e8230a5bf5357a02fb391f036f77\spring-boot-starter-web-2.7.8.jar;D:\gradle-home\caches\modules-2\files-2.1\software.amazon.awssdk\sqs\2.19.25\4921813be035087345e543bcc5011ec1817b764e\sqs-2.19.25.jar;D:\gradle-home\caches\modules-2\files-2.1\software.amazon.awssdk\arns\2.19.25\61c78887a00a9a02f8285fc159ad014edd4e3bcd\arns-2.19.25.jar;D:\gradle-home\caches\modules-2\files-2.1\org.springframework\spring-messaging\5.3.25\7faad94124ba5426e12d07cb9f3e163ed9d3cbe7\spring-messaging-5.3.25.jar;D:\gradle-home\caches\modules-2\files-2.1\org.springframework\spring-context\5.3.25\268a70ce4f44333ce0f13304c5f8c53b3df5f5f4\spring-context-5.3.25.jar;D:\gradle-home\caches\modules-2\files-2.1\com.fasterxml.jackson.core\jackson-databind\2.13.4.2\325c06bdfeb628cfb80ebaaf1a26cc1eb558a585\jackson-databind-2.13.4.2.jar;D:\gradle-home\caches\modules-2\files-2.1\io.awspring.cloud\spring-cloud-aws-core\3.0.0-RC1\fe779981f09fc932485f4fb8bf29b5c167fb074c\spring-cloud-aws-core-3.0.0-RC1.jar;D:\gradle-home\caches\modules-2\files-2.1\org.slf4j\slf4j-api\1.7.36\6c62681a2f655b49963a5983b8b0950a6120ae14\slf4j-api-1.7.36.jar;D:\gradle-home\caches\modules-2\files-2.1\org.springframework.boot\spring-boot-autoconfigure\2.7.8\cb835d82d00116e907d341d11096c3476ab49721\spring-boot-autoconfigure-2.7.8.jar;D:\gradle-home\caches\modules-2\files-2.1\org.springframework\spring-webmvc\5.3.25\62a8258bcc4f7a58dd69af5140481b64653c90\spring-webmvc-5.3.25.jar;D:\gradle-home\caches\modules-2\files-2.1\org.springframework.boot\spring-boot-starter-json\2.7.8\fb09a04154ce2aea974755bc011a588eee2332aa\spring-boot-starter-json-2.7.8.jar;D:\gradle-home\caches\modules-2\files-2.1\org.springframework.boot\spring-boot-starter\2.7.8\df091ed288bd1dcf89fa0554a29fe96f27802efc\spring-boot-starter-2.7.8.jar;D:\gradle-home\caches\modules-2\files-2.1\org.springframework.boot\spring-boot-starter-tomcat\2.7.8\8e7a62215cc56473c891480f722dda43dd6059d9\spring-boot-starter-tomcat-2.7.8.jar;D:\gradle-home\caches\modules-2\files-2.1\org.springframework\spring-web\5.3.25\c69815e7931cd3ce7f19cc8028fd1c36626120d6\spring-web-5.3.25.jar;D:\gradle-home\caches\modules-2\files-2.1\software.amazon.awssdk\aws-query-protocol\2.19.25\1ad0269bf199403b26306ff9e3936cacef8082bc\aws-query-protocol-2.19.25.jar;D:\gradle-home\caches\modules-2\files-2.1\software.amazon.awssdk\protocol-core\2.19.25\6733d7324448d070eda0e6c4c4362dab04aa5b04\protocol-core-2.19.25.jar;D:\gradle-home\caches\modules-2\files-2.1\software.amazon.awssdk\aws-core\2.19.25\c2e0a069ab44e4b046e6d333afdb7a946c1a52f2\aws-core-2.19.25.jar;D:\gradle-home\caches\modules-2\files-2.1\software.amazon.awssdk\auth\2.19.25\d9218fafe6fe7ac6b7ee52f2ca7676e4e426cdae\auth-2.19.25.jar;D:\gradle-home\caches\modules-2\files-2.1\software.amazon.awssdk\regions\2.19.25\4bcb1771acda5e5bd05431031b8a0e2dd0d662d5\regions-2.19.25.jar;D:\gradle-home\caches\modules-2\files-2.1\software.amazon.awssdk\sdk-core\2.19.25\5df2bab7d4e1846f00e7d02ababcb92a57a1e57d\sdk-core-2.19.25.jar;D:\gradle-home\caches\modules-2\files-2.1\software.amazon.awssdk\http-client-spi\2.19.25\118267979082c571381d2e6ca531fc5c5a050676\http-client-spi-2.19.25.jar;D:\gradle-home\caches\modules-2\files-2.1\software.amazon.awssdk\metrics-spi\2.19.25\22694e55f823b935288024446d22ccf4a7faa9fb\metrics-spi-2.19.25.jar;D:\gradle-home\caches\modules-2\files-2.1\software.amazon.awssdk\json-utils\2.19.25\a8b9d372ef153cb4d7bc1b82696ac2c2e4324ab\json-utils-2.19.25.jar;D:\gradle-home\caches\modules-2\files-2.1\software.amazon.awssdk\utils\2.19.25\f27c1b5982a768badc252f8763fa40ec6d73148f\utils-2.19.25.jar;D:\gradle-home\caches\modules-2\files-2.1\software.amazon.awssdk\endpoints-spi\2.19.25\8c5ed830407eeafa0b7be8c5552c03788b891ac9\endpoints-spi-2.19.25.jar;D:\gradle-home\caches\modules-2\files-2.1\software.amazon.awssdk\annotations\2.19.25\e768e62e351b6fcb2c46dc228f6ce731c147a145\annotations-2.19.25.jar;D:\gradle-home\caches\modules-2\files-2.1\org.springframework\spring-beans\5.3.25\b3aeae036b4ea1abfa1f9604d452e19664efe5f6\spring-beans-5.3.25.jar;D:\gradle-home\caches\modules-2\files-2.1\org.springframework\spring-core\5.3.25\85382e86321227506bf7f97ed80e2ab88bce25f0\spring-core-5.3.25.jar;D:\gradle-home\caches\modules-2\files-2.1\org.springframework\spring-aop\5.3.25\722e30759b29331726f9deed76f80b22345ee627\spring-aop-5.3.25.jar;D:\gradle-home\caches\modules-2\files-2.1\org.springframework\spring-expression\5.3.25\d681cdb86611f03d8ef29654edde219fe5afef1d\spring-expression-5.3.25.jar;D:\gradle-home\caches\modules-2\files-2.1\com.fasterxml.jackson.core\jackson-annotations\2.13.4\858c6cc78e1f08a885b1613e1d817c829df70a6e\jackson-annotations-2.13.4.jar;D:\gradle-home\caches\modules-2\files-2.1\com.fasterxml.jackson.core\jackson-core\2.13.4\cf934c681294b97ef6d80082faeefbe1edadf56\jackson-core-2.13.4.jar;D:\gradle-home\caches\modules-2\files-2.1\org.springframework.boot\spring-boot\2.7.8\8db5af0f1171bb402c27a85fe97d741bddaa6fee\spring-boot-2.7.8.jar;D:\gradle-home\caches\modules-2\files-2.1\com.fasterxml.jackson.datatype\jackson-datatype-jsr310\2.13.4\e6d820112871f33cd94a1dcc54eef58874753b5\jackson-datatype-jsr310-2.13.4.jar;D:\gradle-home\caches\modules-2\files-2.1\com.fasterxml.jackson.datatype\jackson-datatype-jdk8\2.13.4\557dbba5d8dfc7b7f944c58fe084109afcb5670b\jackson-datatype-jdk8-2.13.4.jar;D:\gradle-home\caches\modules-2\files-2.1\com.fasterxml.jackson.module\jackson-module-parameter-names\2.13.4\858ccf6624b5fac6044813e845063edb6a62cf37\jackson-module-parameter-names-2.13.4.jar;D:\gradle-home\caches\modules-2\files-2.1\org.springframework.boot\spring-boot-starter-logging\2.7.8\439c2c6fb705c4e7338b2c7a975a84b4f0cb3724\spring-boot-starter-logging-2.7.8.jar;D:\gradle-home\caches\modules-2\files-2.1\jakarta.annotation\jakarta.annotation-api\1.3.5\59eb84ee0d616332ff44aba065f3888cf002cd2d\jakarta.annotation-api-1.3.5.jar;D:\gradle-home\caches\modules-2\files-2.1\org.yaml\snakeyaml\1.30\8fde7fe2586328ac3c68db92045e1c8759125000\snakeyaml-1.30.jar;D:\gradle-home\caches\modules-2\files-2.1\org.apache.tomcat.embed\tomcat-embed-websocket\9.0.71\987b6460af04b08bc9914788d2762080afb09541\tomcat-embed-websocket-9.0.71.jar;D:\gradle-home\caches\modules-2\files-2.1\org.apache.tomcat.embed\tomcat-embed-core\9.0.71\adaed61b4eaa5b52448336c0881fcd828fd51a2f\tomcat-embed-core-9.0.71.jar;D:\gradle-home\caches\modules-2\files-2.1\org.apache.tomcat.embed\tomcat-embed-el\9.0.71\8fe43848c27ec921c8c5d6dcbd8b959076d7bf99\tomcat-embed-el-9.0.71.jar;D:\gradle-home\caches\modules-2\files-2.1\software.amazon.awssdk\profiles\2.19.25\4323f6402cd0cae0b9d166784d05c98afc6ebe7c\profiles-2.19.25.jar;D:\gradle-home\caches\modules-2\files-2.1\software.amazon.eventstream\eventstream\1.0.1\6ff8649dffc5190366ada897ba8525a836297784\eventstream-1.0.1.jar;D:\gradle-home\caches\modules-2\files-2.1\org.reactivestreams\reactive-streams\1.0.4\3864a1320d97d7b045f729a326e1e077661f31b7\reactive-streams-1.0.4.jar;D:\gradle-home\caches\modules-2\files-2.1\software.amazon.awssdk\third-party-jackson-core\2.19.25\21997b3fb5ee7110f2c2068f05794bd9ca3bc1d1\third-party-jackson-core-2.19.25.jar;D:\gradle-home\caches\modules-2\files-2.1\org.springframework\spring-jcl\5.3.25\2e65a986dc7f98b40faed8df1d50db77c0b96c61\spring-jcl-5.3.25.jar;D:\gradle-home\caches\modules-2\files-2.1\ch.qos.logback\logback-classic\1.2.11\4741689214e9d1e8408b206506cbe76d1c6a7d60\logback-classic-1.2.11.jar;D:\gradle-home\caches\modules-2\files-2.1\org.apache.logging.log4j\log4j-to-slf4j\2.17.2\17dd0fae2747d9a28c67bc9534108823d2376b46\log4j-to-slf4j-2.17.2.jar;D:\gradle-home\caches\modules-2\files-2.1\org.slf4j\jul-to-slf4j\1.7.36\ed46d81cef9c412a88caef405b58f93a678ff2ca\jul-to-slf4j-1.7.36.jar;D:\gradle-home\caches\modules-2\files-2.1\ch.qos.logback\logback-core\1.2.11\a01230df5ca5c34540cdaa3ad5efb012f1f1f792\logback-core-1.2.11.jar;D:\gradle-home\caches\modules-2\files-2.1\org.apache.logging.log4j\log4j-api\2.17.2\f42d6afa111b4dec5d2aea0fe2197240749a4ea6\log4j-api-2.17.2.jar;D:\gradle-home\caches\modules-2\files-2.1\software.amazon.awssdk\apache-client\2.19.25\af3b08f97c2d00a913e26d6ff84867aee3febdb5\apache-client-2.19.25.jar;D:\gradle-home\caches\modules-2\files-2.1\software.amazon.awssdk\netty-nio-client\2.19.25\e778c5e2bd92b2b705218d03f4142dadc93da419\netty-nio-client-2.19.25.jar;D:\gradle-home\caches\modules-2\files-2.1\org.apache.httpcomponents\httpclient\4.5.14\1194890e6f56ec29177673f2f12d0b8e627dec98\httpclient-4.5.14.jar;D:\gradle-home\caches\modules-2\files-2.1\org.apache.httpcomponents\httpcore\4.4.16\51cf043c87253c9f58b539c9f7e44c8894223850\httpcore-4.4.16.jar;D:\gradle-home\caches\modules-2\files-2.1\io.netty\netty-codec-http2\4.1.87.Final\72b756ff290d782c9ebb36db7d42ee272270c0b4\netty-codec-http2-4.1.87.Final.jar;D:\gradle-home\caches\modules-2\files-2.1\io.netty\netty-codec-http\4.1.87.Final\3230e95d6832ee4306fe1ca774c7bcecf1da4b28\netty-codec-http-4.1.87.Final.jar;D:\gradle-home\caches\modules-2\files-2.1\io.netty\netty-handler\4.1.87.Final\2bd97491c22ebea4670c00f1bd5dbf65a8a1cfe7\netty-handler-4.1.87.Final.jar;D:\gradle-home\caches\modules-2\files-2.1\io.netty\netty-codec\4.1.87.Final\d7ab7363f736114e6324ccf802d094529b30b8d8\netty-codec-4.1.87.Final.jar;D:\gradle-home\caches\modules-2\files-2.1\io.netty\netty-transport-classes-epoll\4.1.87.Final\86e61c5743940d80e10609746784ffa0e4642065\netty-transport-classes-epoll-4.1.87.Final.jar;D:\gradle-home\caches\modules-2\files-2.1\io.netty\netty-transport\4.1.87.Final\30c78c8ced3417f35e2a55f7533dc2bb43fef2aa\netty-transport-4.1.87.Final.jar;D:\gradle-home\caches\modules-2\files-2.1\io.netty\netty-buffer\4.1.87.Final\8942174141fb0586e7fffefc8ae48e1458293696\netty-buffer-4.1.87.Final.jar;D:\gradle-home\caches\modules-2\files-2.1\io.netty\netty-common\4.1.87.Final\3e7e80dd6e604144781fcb859b79cfe8d3730079\netty-common-4.1.87.Final.jar;D:\gradle-home\caches\modules-2\files-2.1\commons-codec\commons-codec\1.15\49d94806b6e3dc933dacbd8acb0fdbab8ebd1e5d\commons-codec-1.15.jar;D:\gradle-home\caches\modules-2\files-2.1\io.netty\netty-transport-native-unix-common\4.1.87.Final\4bf8308dc7d6ba2570681eaeddb16f8d1196b438\netty-transport-native-unix-common-4.1.87.Final.jar;D:\gradle-home\caches\modules-2\files-2.1\io.netty\netty-resolver\4.1.87.Final\eaa964e16a67914c8d9b814d29a4b969635d72a0\netty-resolver-4.1.87.Final.jar com.example.oceansns.OceanSnsApplication

.   ____          _            __ _ _
/\\ / ___'_ __ _ _(_)_ __  __ _ \ \ \ \
( ( )\___ | '_ | '_| | '_ \/ _` | \ \ \ \
\\/  ___)| |_)| | | | | || (_| |  ) ) ) )
'  |____| .__|_| |_|_| |_\__, | / / / /
=========|_|==============|___/=/_/_/_/
:: Spring Boot ::                (v2.7.8)

2023-02-02 23:57:29.385  INFO 18524 --- [           main] c.example.oceansns.OceanSnsApplication   : Starting OceanSnsApplication using Java 17.0.5 on bir-pc with PID 18524 (D:\java-projects\demos\aws-projects\ocean-sns\build\classes\java\main started by suraj in D:\java-projects\demos\aws-projects\ocean-sns)
2023-02-02 23:57:29.388  INFO 18524 --- [           main] c.example.oceansns.OceanSnsApplication   : No active profile set, falling back to 1 default profile: "default"
2023-02-02 23:57:30.203  INFO 18524 --- [           main] o.s.b.w.embedded.tomcat.TomcatWebServer  : Tomcat initialized with port(s): 8080 (http)
2023-02-02 23:57:30.212  INFO 18524 --- [           main] o.apache.catalina.core.StandardService   : Starting service [Tomcat]
2023-02-02 23:57:30.213  INFO 18524 --- [           main] org.apache.catalina.core.StandardEngine  : Starting Servlet engine: [Apache Tomcat/9.0.71]
2023-02-02 23:57:30.302  INFO 18524 --- [           main] o.a.c.c.C.[Tomcat].[localhost].[/]       : Initializing Spring embedded WebApplicationContext
2023-02-02 23:57:30.303  INFO 18524 --- [           main] w.s.c.ServletWebServerApplicationContext : Root WebApplicationContext: initialization completed in 853 ms
2023-02-02 23:57:31.016  INFO 18524 --- [           main] o.s.b.w.embedded.tomcat.TomcatWebServer  : Tomcat started on port(s): 8080 (http) with context path ''
2023-02-02 23:57:31.027  INFO 18524 --- [           main] c.example.oceansns.OceanSnsApplication   : Started OceanSnsApplication in 1.994 seconds (JVM running for 2.549)
2023-02-02 23:57:31.030  INFO 18524 --- [           main] c.e.oceansns.config.MyApplicaitonRunner  : command line runner from MyApplicationRunner.
2023-02-02 23:57:31.031  INFO 18524 --- [           main] c.e.oceansns.config.MyApplicaitonRunner  : myIpAddress: 192.168.0.165
2023-02-02 23:57:31.793  INFO 18524 --- [           main] ConditionEvaluationReportLoggingListener :

Error starting ApplicationContext. To display the conditions report re-run your application with 'debug' enabled.
2023-02-02 23:57:31.813 ERROR 18524 --- [           main] o.s.boot.SpringApplication               : Application run failed

java.lang.IllegalStateException: Failed to execute ApplicationRunner
at org.springframework.boot.SpringApplication.callRunner(SpringApplication.java:762) ~[spring-boot-2.7.8.jar:2.7.8]
at org.springframework.boot.SpringApplication.callRunners(SpringApplication.java:749) ~[spring-boot-2.7.8.jar:2.7.8]
at org.springframework.boot.SpringApplication.run(SpringApplication.java:314) ~[spring-boot-2.7.8.jar:2.7.8]
at org.springframework.boot.SpringApplication.run(SpringApplication.java:1303) ~[spring-boot-2.7.8.jar:2.7.8]
at org.springframework.boot.SpringApplication.run(SpringApplication.java:1292) ~[spring-boot-2.7.8.jar:2.7.8]
at com.example.oceansns.OceanSnsApplication.main(OceanSnsApplication.java:16) ~[main/:na]
Caused by: java.util.concurrent.ExecutionException: software.amazon.awssdk.services.sqs.model.SqsException: Can only include alphanumeric characters, hyphens, or underscores. 1 to 80 in length (Service: Sqs, Status Code: 400, Request ID: 515d81bc-f123-5738-b7cb-ddea55afefd5)
at java.base/java.util.concurrent.CompletableFuture.reportGet(CompletableFuture.java:396) ~[na:na]
at java.base/java.util.concurrent.CompletableFuture.get(CompletableFuture.java:2073) ~[na:na]
at com.example.oceansns.config.MyApplicaitonRunner.run(MyApplicaitonRunner.java:36) ~[main/:na]
at org.springframework.boot.SpringApplication.callRunner(SpringApplication.java:759) ~[spring-boot-2.7.8.jar:2.7.8]
... 5 common frames omitted
Caused by: software.amazon.awssdk.services.sqs.model.SqsException: Can only include alphanumeric characters, hyphens, or underscores. 1 to 80 in length (Service: Sqs, Status Code: 400, Request ID: 515d81bc-f123-5738-b7cb-ddea55afefd5)
at software.amazon.awssdk.services.sqs.model.SqsException$BuilderImpl.build(SqsException.java:104) ~[sqs-2.19.25.jar:na]
at software.amazon.awssdk.services.sqs.model.SqsException$BuilderImpl.build(SqsException.java:58) ~[sqs-2.19.25.jar:na]
at software.amazon.awssdk.protocols.query.internal.unmarshall.AwsXmlErrorUnmarshaller.unmarshall(AwsXmlErrorUnmarshaller.java:99) ~[aws-query-protocol-2.19.25.jar:na]
at software.amazon.awssdk.protocols.query.unmarshall.AwsXmlErrorProtocolUnmarshaller.handle(AwsXmlErrorProtocolUnmarshaller.java:102) ~[aws-query-protocol-2.19.25.jar:na]
at software.amazon.awssdk.protocols.query.unmarshall.AwsXmlErrorProtocolUnmarshaller.handle(AwsXmlErrorProtocolUnmarshaller.java:82) ~[aws-query-protocol-2.19.25.jar:na]
at software.amazon.awssdk.core.http.MetricCollectingHttpResponseHandler.lambda$handle$0(MetricCollectingHttpResponseHandler.java:52) ~[sdk-core-2.19.25.jar:na]
at software.amazon.awssdk.core.internal.util.MetricUtils.measureDurationUnsafe(MetricUtils.java:63) ~[sdk-core-2.19.25.jar:na]
at software.amazon.awssdk.core.http.MetricCollectingHttpResponseHandler.handle(MetricCollectingHttpResponseHandler.java:52) ~[sdk-core-2.19.25.jar:na]
at software.amazon.awssdk.core.internal.http.async.AsyncResponseHandler.lambda$prepare$0(AsyncResponseHandler.java:89) ~[sdk-core-2.19.25.jar:na]
at java.base/java.util.concurrent.CompletableFuture$UniCompose.tryFire(CompletableFuture.java:1150) ~[na:na]
at java.base/java.util.concurrent.CompletableFuture.postComplete(CompletableFuture.java:510) ~[na:na]
at java.base/java.util.concurrent.CompletableFuture.complete(CompletableFuture.java:2147) ~[na:na]
at software.amazon.awssdk.core.internal.http.async.AsyncResponseHandler$BaosSubscriber.onComplete(AsyncResponseHandler.java:132) ~[sdk-core-2.19.25.jar:na]
at software.amazon.awssdk.http.nio.netty.internal.ResponseHandler$DataCountingPublisher$1.onComplete(ResponseHandler.java:513) ~[netty-nio-client-2.19.25.jar:na]
at software.amazon.awssdk.http.nio.netty.internal.ResponseHandler.runAndLogError(ResponseHandler.java:250) ~[netty-nio-client-2.19.25.jar:na]
at software.amazon.awssdk.http.nio.netty.internal.ResponseHandler.access$600(ResponseHandler.java:75) ~[netty-nio-client-2.19.25.jar:na]
at software.amazon.awssdk.http.nio.netty.internal.ResponseHandler$PublisherAdapter$1.onComplete(ResponseHandler.java:371) ~[netty-nio-client-2.19.25.jar:na]
at software.amazon.awssdk.http.nio.netty.internal.nrs.HandlerPublisher.publishMessage(HandlerPublisher.java:402) ~[netty-nio-client-2.19.25.jar:na]
at software.amazon.awssdk.http.nio.netty.internal.nrs.HandlerPublisher.flushBuffer(HandlerPublisher.java:338) ~[netty-nio-client-2.19.25.jar:na]
at software.amazon.awssdk.http.nio.netty.internal.nrs.HandlerPublisher.receivedDemand(HandlerPublisher.java:291) ~[netty-nio-client-2.19.25.jar:na]
at software.amazon.awssdk.http.nio.netty.internal.nrs.HandlerPublisher.access$200(HandlerPublisher.java:61) ~[netty-nio-client-2.19.25.jar:na]
at software.amazon.awssdk.http.nio.netty.internal.nrs.HandlerPublisher$ChannelSubscription$1.run(HandlerPublisher.java:495) ~[netty-nio-client-2.19.25.jar:na]
at io.netty.util.concurrent.AbstractEventExecutor.runTask(AbstractEventExecutor.java:174) ~[netty-common-4.1.87.Final.jar:4.1.87.Final]
at io.netty.util.concurrent.AbstractEventExecutor.safeExecute(AbstractEventExecutor.java:167) ~[netty-common-4.1.87.Final.jar:4.1.87.Final]
at io.netty.util.concurrent.SingleThreadEventExecutor.runAllTasks(SingleThreadEventExecutor.java:470) ~[netty-common-4.1.87.Final.jar:4.1.87.Final]
at io.netty.channel.nio.NioEventLoop.run(NioEventLoop.java:566) ~[netty-transport-4.1.87.Final.jar:4.1.87.Final]
at io.netty.util.concurrent.SingleThreadEventExecutor$4.run(SingleThreadEventExecutor.java:997) ~[netty-common-4.1.87.Final.jar:4.1.87.Final]
at io.netty.util.internal.ThreadExecutorMap$2.run(ThreadExecutorMap.java:74) ~[netty-common-4.1.87.Final.jar:4.1.87.Final]
at java.base/java.lang.Thread.run(Thread.java:833) ~[na:na]


Process finished with exit code 1
